0 info it worked if it ends with ok
1 verbose cli [ '/usr/local/bin/node',
1 verbose cli   '/Users/ryanbmarx/.node/bin/npm',
1 verbose cli   'run',
1 verbose cli   'publish' ]
2 info using npm@3.7.5
3 info using node@v8.6.0
4 verbose stack Error: missing script: publish
4 verbose stack     at run (/Users/ryanbmarx/.node/lib/node_modules/npm/lib/run-script.js:147:19)
4 verbose stack     at /Users/ryanbmarx/.node/lib/node_modules/npm/lib/run-script.js:57:5
4 verbose stack     at /Users/ryanbmarx/.node/lib/node_modules/npm/node_modules/read-package-json/read-json.js:345:5
4 verbose stack     at checkBinReferences_ (/Users/ryanbmarx/.node/lib/node_modules/npm/node_modules/read-package-json/read-json.js:309:45)
4 verbose stack     at final (/Users/ryanbmarx/.node/lib/node_modules/npm/node_modules/read-package-json/read-json.js:343:3)
4 verbose stack     at then (/Users/ryanbmarx/.node/lib/node_modules/npm/node_modules/read-package-json/read-json.js:113:5)
4 verbose stack     at /Users/ryanbmarx/.node/lib/node_modules/npm/node_modules/read-package-json/read-json.js:232:12
4 verbose stack     at /Users/ryanbmarx/.node/lib/node_modules/npm/node_modules/graceful-fs/graceful-fs.js:78:16
4 verbose stack     at tryToString (fs.js:514:3)
4 verbose stack     at FSReqWrap.readFileAfterClose [as oncomplete] (fs.js:502:12)
5 verbose cwd /Users/ryanbmarx/Code/water/lake-michigan-water-stories
6 error Darwin 17.0.0
7 error argv "/usr/local/bin/node" "/Users/ryanbmarx/.node/bin/npm" "run" "publish"
8 error node v8.6.0
9 error npm  v3.7.5
10 error missing script: publish
11 error If you need help, you may report this error at:
11 error     <https://github.com/npm/npm/issues>
12 verbose exit [ 1, true ]
